<?xml version="1.0" encoding="UTF-8"?>
<testsuite name="com.longnh.mininow.MininowApplicationTests" tests="1" skipped="0" failures="0" errors="0" timestamp="2018-11-11T02:54:36" hostname="DESKTOP-A4K8KSR" time="0.101">
  <properties/>
  <testcase name="contextLoads" classname="com.longnh.mininow.MininowApplicationTests" time="0.101"/>
  <system-out><![CDATA[09:54:25.962 [Test worker] DEBUG org.springframework.test.context.junit4.SpringJUnit4ClassRunner - SpringJUnit4ClassRunner constructor called with [class com.longnh.mininow.MininowApplicationTests]
09:54:25.984 [Test worker] DEBUG org.springframework.test.context.BootstrapUtils - Instantiating CacheAwareContextLoaderDelegate from class [org.springframework.test.context.cache.DefaultCacheAwareContextLoaderDelegate]
09:54:26.003 [Test worker] DEBUG org.springframework.test.context.BootstrapUtils - Instantiating BootstrapContext using constructor [public org.springframework.test.context.support.DefaultBootstrapContext(java.lang.Class,org.springframework.test.context.CacheAwareContextLoaderDelegate)]
09:54:26.034 [Test worker] DEBUG org.springframework.test.context.BootstrapUtils - Instantiating TestContextBootstrapper for test class [com.longnh.mininow.MininowApplicationTests] from class [org.springframework.boot.test.context.SpringBootTestContextBootstrapper]
09:54:26.058 [Test worker] INFO org.springframework.boot.test.context.SpringBootTestContextBootstrapper - Neither @ContextConfiguration nor @ContextHierarchy found for test class [com.longnh.mininow.MininowApplicationTests], using SpringBootContextLoader
09:54:26.063 [Test worker] DEBUG org.springframework.test.context.support.AbstractContextLoader - Did not detect default resource location for test class [com.longnh.mininow.MininowApplicationTests]: class path resource [com/longnh/mininow/MininowApplicationTests-context.xml] does not exist
09:54:26.065 [Test worker] DEBUG org.springframework.test.context.support.AbstractContextLoader - Did not detect default resource location for test class [com.longnh.mininow.MininowApplicationTests]: class path resource [com/longnh/mininow/MininowApplicationTestsContext.groovy] does not exist
09:54:26.065 [Test worker] INFO org.springframework.test.context.support.AbstractContextLoader - Could not detect default resource locations for test class [com.longnh.mininow.MininowApplicationTests]: no resource found for suffixes {-context.xml, Context.groovy}.
09:54:26.067 [Test worker] INFO org.springframework.test.context.support.AnnotationConfigContextLoaderUtils - Could not detect default configuration classes for test class [com.longnh.mininow.MininowApplicationTests]: MininowApplicationTests does not declare any static, non-private, non-final, nested classes annotated with @Configuration.
09:54:26.140 [Test worker] DEBUG org.springframework.test.context.support.ActiveProfilesUtils - Could not find an 'annotation declaring class' for annotation type [org.springframework.test.context.ActiveProfiles] and class [com.longnh.mininow.MininowApplicationTests]
09:54:26.256 [Test worker] DEBUG org.springframework.context.annotation.ClassPathScanningCandidateComponentProvider - Identified candidate component class: file [C:\Users\Longnhse62770\Desktop\mininow\build\classes\java\main\com\longnh\mininow\MininowApplication.class]
09:54:26.259 [Test worker] INFO org.springframework.boot.test.context.SpringBootTestContextBootstrapper - Found @SpringBootConfiguration com.longnh.mininow.MininowApplication for test class com.longnh.mininow.MininowApplicationTests
09:54:26.465 [Test worker] DEBUG org.springframework.boot.test.context.SpringBootTestContextBootstrapper - @TestExecutionListeners is not present for class [com.longnh.mininow.MininowApplicationTests]: using defaults.
09:54:26.466 [Test worker] INFO org.springframework.boot.test.context.SpringBootTestContextBootstrapper - Loaded default TestExecutionListener class names from location [META-INF/spring.factories]: [org.springframework.boot.test.autoconfigure.restdocs.RestDocsTestExecutionListener, org.springframework.boot.test.autoconfigure.web.client.MockRestServiceServerResetTestExecutionListener, org.springframework.boot.test.autoconfigure.web.servlet.MockMvcPrintOnlyOnFailureTestExecutionListener, org.springframework.boot.test.autoconfigure.web.servlet.WebDriverTestExecutionListener, org.springframework.boot.test.mock.mockito.MockitoTestExecutionListener, org.springframework.boot.test.mock.mockito.ResetMocksTestExecutionListener, org.springframework.test.context.web.ServletTestExecutionListener, org.springframework.test.context.support.DirtiesContextBeforeModesTestExecutionListener, org.springframework.test.context.support.DependencyInjectionTestExecutionListener, org.springframework.test.context.support.DirtiesContextTestExecutionListener, org.springframework.test.context.transaction.TransactionalTestExecutionListener, org.springframework.test.context.jdbc.SqlScriptsTestExecutionListener]
09:54:26.498 [Test worker] INFO org.springframework.boot.test.context.SpringBootTestContextBootstrapper - Using TestExecutionListeners: [org.springframework.test.context.web.ServletTestExecutionListener@7bd4df1f, org.springframework.test.context.support.DirtiesContextBeforeModesTestExecutionListener@19949b32, org.springframework.boot.test.mock.mockito.MockitoTestExecutionListener@7de337dc, org.springframework.boot.test.autoconfigure.SpringBootDependencyInjectionTestExecutionListener@c2b395f, org.springframework.test.context.support.DirtiesContextTestExecutionListener@51da33e2, org.springframework.test.context.transaction.TransactionalTestExecutionListener@6c2a6fe0, org.springframework.test.context.jdbc.SqlScriptsTestExecutionListener@893e86e, org.springframework.boot.test.autoconfigure.restdocs.RestDocsTestExecutionListener@5d27d9e2, org.springframework.boot.test.autoconfigure.web.client.MockRestServiceServerResetTestExecutionListener@5d62a487, org.springframework.boot.test.autoconfigure.web.servlet.MockMvcPrintOnlyOnFailureTestExecutionListener@620885a4, org.springframework.boot.test.autoconfigure.web.servlet.WebDriverTestExecutionListener@75cfd113, org.springframework.boot.test.mock.mockito.ResetMocksTestExecutionListener@16c4ee81]
09:54:26.504 [Test worker] DEBUG org.springframework.test.annotation.ProfileValueUtils - Retrieved @ProfileValueSourceConfiguration [null] for test class [com.longnh.mininow.MininowApplicationTests]
09:54:26.505 [Test worker] DEBUG org.springframework.test.annotation.ProfileValueUtils - Retrieved ProfileValueSource type [class org.springframework.test.annotation.SystemProfileValueSource] for class [com.longnh.mininow.MininowApplicationTests]
09:54:26.506 [Test worker] DEBUG org.springframework.test.annotation.ProfileValueUtils - Retrieved @ProfileValueSourceConfiguration [null] for test class [com.longnh.mininow.MininowApplicationTests]
09:54:26.507 [Test worker] DEBUG org.springframework.test.annotation.ProfileValueUtils - Retrieved ProfileValueSource type [class org.springframework.test.annotation.SystemProfileValueSource] for class [com.longnh.mininow.MininowApplicationTests]
09:54:26.515 [Test worker] DEBUG org.springframework.test.context.support.AbstractDirtiesContextTestExecutionListener - Before test class: context [DefaultTestContext@5a6fa2bd testClass = MininowApplicationTests, testInstance = [null], testMethod = [null], testException = [null], mergedContextConfiguration = [WebMergedContextConfiguration@1b104699 testClass = MininowApplicationTests, locations = '{}', classes = '{class com.longnh.mininow.MininowApplication}', contextInitializerClasses = '[]', activeProfiles = '{}', propertySourceLocations = '{}', propertySourceProperties = '{org.springframework.boot.test.context.SpringBootTestContextBootstrapper=true}', contextCustomizers = set[org.springframework.boot.test.autoconfigure.properties.PropertyMappingContextCustomizer@0, org.springframework.boot.test.autoconfigure.web.servlet.WebDriverContextCustomizerFactory$Customizer@219a83b6, org.springframework.boot.test.context.filter.ExcludeFilterContextCustomizer@712717fd, org.springframework.boot.test.json.DuplicateJsonObjectContextCustomizerFactory$DuplicateJsonObjectContextCustomizer@2f596aa9, org.springframework.boot.test.mock.mockito.MockitoContextCustomizer@0, org.springframework.boot.test.web.client.TestRestTemplateContextCustomizer@1217b809], resourceBasePath = 'src/main/webapp', contextLoader = 'org.springframework.boot.test.context.SpringBootContextLoader', parent = [null]], attributes = map['org.springframework.test.context.web.ServletTestExecutionListener.activateListener' -> true]], class annotated with @DirtiesContext [false] with mode [null].
09:54:26.516 [Test worker] DEBUG org.springframework.test.annotation.ProfileValueUtils - Retrieved @ProfileValueSourceConfiguration [null] for test class [com.longnh.mininow.MininowApplicationTests]
09:54:26.517 [Test worker] DEBUG org.springframework.test.annotation.ProfileValueUtils - Retrieved ProfileValueSource type [class org.springframework.test.annotation.SystemProfileValueSource] for class [com.longnh.mininow.MininowApplicationTests]
09:54:26.562 [Test worker] DEBUG org.springframework.test.context.support.TestPropertySourceUtils - Adding inlined properties to environment: {spring.jmx.enabled=false, org.springframework.boot.test.context.SpringBootTestContextBootstrapper=true, server.port=-1}

  .   ____          _            __ _ _
 /\\ / ___'_ __ _ _(_)_ __  __ _ \ \ \ \
( ( )\___ | '_ | '_| | '_ \/ _` | \ \ \ \
 \\/  ___)| |_)| | | | | || (_| |  ) ) ) )
  '  |____| .__|_| |_|_| |_\__, | / / / /
 =========|_|==============|___/=/_/_/_/
 :: Spring Boot ::        (v2.1.0.RELEASE)

2018-11-11 09:54:27.057  INFO 8828 --- [    Test worker] c.l.mininow.MininowApplicationTests      : Starting MininowApplicationTests on DESKTOP-A4K8KSR with PID 8828 (started by Longnhse62770 in C:\Users\Longnhse62770\Desktop\mininow)
2018-11-11 09:54:27.059  INFO 8828 --- [    Test worker] c.l.mininow.MininowApplicationTests      : No active profile set, falling back to default profiles: default
2018-11-11 09:54:28.846  INFO 8828 --- [    Test worker] .s.d.r.c.RepositoryConfigurationDelegate : Multiple Spring Data modules found, entering strict repository configuration mode!
2018-11-11 09:54:28.850  INFO 8828 --- [    Test worker] .s.d.r.c.RepositoryConfigurationDelegate : Bootstrapping Spring Data repositories in DEFAULT mode.
2018-11-11 09:54:29.205  INFO 8828 --- [    Test worker] .s.d.r.c.RepositoryConfigurationDelegate : Finished Spring Data repository scanning in 333ms. Found 1 repository interfaces.
2018-11-11 09:54:29.240  INFO 8828 --- [    Test worker] .s.d.r.c.RepositoryConfigurationDelegate : Multiple Spring Data modules found, entering strict repository configuration mode!
2018-11-11 09:54:29.242  INFO 8828 --- [    Test worker] .s.d.r.c.RepositoryConfigurationDelegate : Bootstrapping Spring Data repositories in DEFAULT mode.
2018-11-11 09:54:29.269  INFO 8828 --- [    Test worker] .RepositoryConfigurationExtensionSupport : Spring Data Redis - Could not safely identify store assignment for repository candidate interface com.longnh.mininow.repository.ProductRepository.
2018-11-11 09:54:29.269  INFO 8828 --- [    Test worker] .s.d.r.c.RepositoryConfigurationDelegate : Finished Spring Data repository scanning in 10ms. Found 0 repository interfaces.
2018-11-11 09:54:30.076  INFO 8828 --- [    Test worker] trationDelegate$BeanPostProcessorChecker : Bean 'org.springframework.transaction.annotation.ProxyTransactionManagementConfiguration' of type [org.springframework.transaction.annotation.ProxyTransactionManagementConfiguration$$EnhancerBySpringCGLIB$$131647ec] is not eligible for getting processed by all BeanPostProcessors (for example: not eligible for auto-proxying)
2018-11-11 09:54:30.746  INFO 8828 --- [    Test worker] com.zaxxer.hikari.HikariDataSource       : HikariPool-1 - Starting...
2018-11-11 09:54:30.980  INFO 8828 --- [    Test worker] com.zaxxer.hikari.HikariDataSource       : HikariPool-1 - Start completed.
2018-11-11 09:54:31.070  INFO 8828 --- [    Test worker] o.hibernate.jpa.internal.util.LogHelper  : HHH000204: Processing PersistenceUnitInfo [
	name: default
	...]
2018-11-11 09:54:31.229  INFO 8828 --- [    Test worker] org.hibernate.Version                    : HHH000412: Hibernate Core {5.3.7.Final}
2018-11-11 09:54:31.233  INFO 8828 --- [    Test worker] org.hibernate.cfg.Environment            : HHH000206: hibernate.properties not found
2018-11-11 09:54:31.526  INFO 8828 --- [    Test worker] o.hibernate.annotations.common.Version   : HCANN000001: Hibernate Commons Annotations {5.0.4.Final}
2018-11-11 09:54:31.904  INFO 8828 --- [    Test worker] org.hibernate.dialect.Dialect            : HHH000400: Using dialect: org.hibernate.dialect.MySQL5Dialect
2018-11-11 09:54:32.750  INFO 8828 --- [    Test worker] j.LocalContainerEntityManagerFactoryBean : Initialized JPA EntityManagerFactory for persistence unit 'default'
2018-11-11 09:54:35.028  INFO 8828 --- [    Test worker] o.s.s.concurrent.ThreadPoolTaskExecutor  : Initializing ExecutorService 'applicationTaskExecutor'
2018-11-11 09:54:35.117  WARN 8828 --- [    Test worker] aWebConfiguration$JpaWebMvcConfiguration : spring.jpa.open-in-view is enabled by default. Therefore, database queries may be performed during view rendering. Explicitly configure spring.jpa.open-in-view to disable this warning
2018-11-11 09:54:36.752  INFO 8828 --- [    Test worker] c.l.mininow.MininowApplicationTests      : Started MininowApplicationTests in 10.167 seconds (JVM running for 13.664)
]]></system-out>
  <system-err><![CDATA[]]></system-err>
</testsuite>
